#
# There is insufficient memory for the Java Runtime Environment to continue.
# Native memory allocation (mmap) failed to map 31457280 bytes for G1 virtual space
# Possible reasons:
#   The system is out of physical RAM or swap space
#   The process is running with CompressedOops enabled, and the Java Heap may be blocking the growth of the native heap
# Possible solutions:
#   Reduce memory load on the system
#   Increase physical memory or swap space
#   Check if swap backing store is full
#   Decrease Java heap size (-Xmx/-Xms)
#   Decrease number of Java threads
#   Decrease Java thread stack sizes (-Xss)
#   Set larger code cache with -XX:ReservedCodeCacheSize=
#   JVM is running with Unscaled Compressed Oops mode in which the Java heap is
#     placed in the first 4GB address space. The Java Heap base address is the
#     maximum limit for the native heap growth. Please use -XX:HeapBaseMinAddress
#     to set the Java Heap base and to place the Java Heap above 4GB virtual address.
# This output file may be truncated or incomplete.
#
#  Out of Memory Error (os_windows.cpp:3600), pid=4812, tid=3956
#
# JRE version:  (21.0.2+13) (build )
# Java VM: Java HotSpot(TM) 64-Bit Server VM (21.0.2+13-LTS-58, mixed mode, sharing, tiered, compressed oops, compressed class ptrs, g1 gc, windows-amd64)
# No core dump will be written. Minidumps are not enabled by default on client versions of Windows
#

---------------  S U M M A R Y ------------

Command Line: --enable-preview -XX:+ShowCodeDetailsInExceptionMessages PrimeiraClass

Host: Intel(R) Atom(TM) x5-Z8300  CPU @ 1.44GHz, 4 cores, 1G,  Windows 10 , 64 bit Build 19041 (10.0.19041.3636)
Time: Fri Feb 16 07:42:10 2024 Hora oficial do Brasil elapsed time: 2.078981 seconds (0d 0h 0m 2s)

---------------  T H R E A D  ---------------

Current thread (0x00000167a41bbbd0):  JavaThread "Unknown thread" [_thread_in_vm, id=3956, stack(0x0000002939000000,0x0000002939100000) (1024K)]

Stack: [0x0000002939000000,0x0000002939100000]
Native frames: (J=compiled Java code, j=interpreted, Vv=VM code, C=native code)
V  [jvm.dll+0x6cade9]
V  [jvm.dll+0x8569c1]
V  [jvm.dll+0x858d2e]
V  [jvm.dll+0x859413]
V  [jvm.dll+0x280e56]
V  [jvm.dll+0x6c74d5]
V  [jvm.dll+0x6bbeca]
V  [jvm.dll+0x355bca]
V  [jvm.dll+0x35d816]
V  [jvm.dll+0x3ae67e]
V  [jvm.dll+0x3ae928]
V  [jvm.dll+0x3295dc]
V  [jvm.dll+0x32a16b]
V  [jvm.dll+0x81efa9]
V  [jvm.dll+0x3bba01]
V  [jvm.dll+0x807928]
V  [jvm.dll+0x44f50e]
V  [jvm.dll+0x450e11]
C  [jli.dll+0x52a3]
C  [ucrtbase.dll+0x21bb2]
C  [KERNEL32.DLL+0x17344]
C  [ntdll.dll+0x526b1]


---------------  P R O C E S S  ---------------

Threads class SMR info:
_java_thread_list=0x00007ffca056bb88, length=0, elements={
}

Java Threads: ( => current thread )
Total: 0

Other Threads:
  0x00000167a62ce5b0 WorkerThread "GC Thread#0"                     [id=5060, stack(0x0000002939100000,0x0000002939200000) (1024K)]
  0x00000167a62d3960 ConcurrentGCThread "G1 Main Marker"            [id=924, stack(0x0000002939200000,0x0000002939300000) (1024K)]
  0x00000167a62d4460 WorkerThread "G1 Conc#0"                       [id=7084, stack(0x0000002939300000,0x0000002939400000) (1024K)]

[error occurred during error reporting (printing all threads), id 0xc0000005, EXCEPTION_ACCESS_VIOLATION (0xc0000005) at pc=0x00007ffc9fcdc6a7]
VM state: not at safepoint (not fully initialized)

VM Mutex/Monitor currently owned by a thread:  ([mutex/lock_event])
[0x00007ffca05dce68] Heap_lock - owner thread: 0x00000167a41bbbd0

Heap address: 0x00000000e2200000, size: 478 MB, Compressed Oops mode: 32-bit

CDS archive(s) mapped at: [0x0000000000000000-0x0000000000000000-0x0000000000000000), size 0, SharedBaseAddress: 0x0000000800000000, ArchiveRelocationMode: 1.
Narrow klass base: 0x0000000000000000, Narrow klass shift: 0, Narrow klass range: 0x0

GC Precious Log:
 CardTable entry size: 512
 Card Set container configuration: InlinePtr #cards 5 size 8 Array Of Cards #cards 12 size 40 Howl #buckets 4 coarsen threshold 1843 Howl Bitmap #cards 512 size 80 coarsen threshold 460 Card regions per heap region 1 cards per card region 2048

Heap:
 garbage-first heap   total 0K, used 0K [0x00000000e2200000, 0x0000000100000000)
  region size 1024K, 0 young (0K), 0 survivors (0K)

[error occurred during error reporting (printing heap information), id 0xc0000005, EXCEPTION_ACCESS_VIOLATION (0xc0000005) at pc=0x00007ffca00c39f9]
GC Heap History (0 events):
No events

Dll operation events (1 events):
Event: 0.490 Loaded shared library C:\Program Files\Java\jdk-21\bin\java.dll

Deoptimization events (0 events):
No events

Classes loaded (0 events):
No events

Classes unloaded (0 events):
No events

Classes redefined (0 events):
No events

Internal exceptions (0 events):
No events

ZGC Phase Switch (0 events):
No events

VM Operations (0 events):
No events

Events (0 events):
No events


Dynamic libraries:
0x00007ff6b9460000 - 0x00007ff6b9470000 	C:\Program Files\Java\jdk-21\bin\java.exe
0x00007ffcf2530000 - 0x00007ffcf2728000 	C:\Windows\SYSTEM32\ntdll.dll
0x00007ffcf0e40000 - 0x00007ffcf0efd000 	C:\Windows\System32\KERNEL32.DLL
0x00007ffcefec0000 - 0x00007ffcf01b6000 	C:\Windows\System32\KERNELBASE.dll
0x00007ffcf01c0000 - 0x00007ffcf02c0000 	C:\Windows\System32\ucrtbase.dll
0x00007ffcdbfc0000 - 0x00007ffcdbfd9000 	C:\Program Files\Java\jdk-21\bin\jli.dll
0x00007ffcdbfa0000 - 0x00007ffcdbfbb000 	C:\Program Files\Java\jdk-21\bin\VCRUNTIME140.dll
0x00007ffcf1030000 - 0x00007ffcf10e3000 	C:\Windows\System32\ADVAPI32.dll
0x00007ffcf21f0000 - 0x00007ffcf228e000 	C:\Windows\System32\msvcrt.dll
0x00007ffcf14d0000 - 0x00007ffcf156f000 	C:\Windows\System32\sechost.dll
0x00007ffcf11b0000 - 0x00007ffcf12d6000 	C:\Windows\System32\RPCRT4.dll
0x00007ffcf02f0000 - 0x00007ffcf0317000 	C:\Windows\System32\bcrypt.dll
0x00007ffcf06c0000 - 0x00007ffcf085e000 	C:\Windows\System32\USER32.dll
0x00007ffcf02c0000 - 0x00007ffcf02e2000 	C:\Windows\System32\win32u.dll
0x00007ffcf10f0000 - 0x00007ffcf111b000 	C:\Windows\System32\GDI32.dll
0x00007ffcf0450000 - 0x00007ffcf0567000 	C:\Windows\System32\gdi32full.dll
0x00007ffcf0320000 - 0x00007ffcf03bd000 	C:\Windows\System32\msvcp_win.dll
0x00007ffccf370000 - 0x00007ffccf60a000 	C:\Windows\WinSxS\amd64_microsoft.windows.common-controls_6595b64144ccf1df_6.0.19041.3636_none_60b6a03d71f818d5\COMCTL32.dll
0x00007ffcdff40000 - 0x00007ffcdff4a000 	C:\Windows\SYSTEM32\VERSION.dll
0x00007ffcf1490000 - 0x00007ffcf14c2000 	C:\Windows\System32\IMM32.DLL
0x00007ffce5e10000 - 0x00007ffce5e1c000 	C:\Program Files\Java\jdk-21\bin\vcruntime140_1.dll
0x00007ffcd4ec0000 - 0x00007ffcd4f4e000 	C:\Program Files\Java\jdk-21\bin\msvcp140.dll
0x00007ffc9f9a0000 - 0x00007ffca06b7000 	C:\Program Files\Java\jdk-21\bin\server\jvm.dll
0x00007ffcf1140000 - 0x00007ffcf11ab000 	C:\Windows\System32\WS2_32.dll
0x00007ffcdf580000 - 0x00007ffcdf5a7000 	C:\Windows\SYSTEM32\WINMM.dll
0x00007ffcefad0000 - 0x00007ffcefb1b000 	C:\Windows\SYSTEM32\POWRPROF.dll
0x00007ffcefab0000 - 0x00007ffcefac2000 	C:\Windows\SYSTEM32\UMPDC.dll
0x00007ffceda80000 - 0x00007ffceda92000 	C:\Windows\SYSTEM32\kernel.appcore.dll
0x00007ffcdbf90000 - 0x00007ffcdbf9a000 	C:\Program Files\Java\jdk-21\bin\jimage.dll
0x00007ffce1bb0000 - 0x00007ffce1d94000 	C:\Windows\SYSTEM32\DBGHELP.DLL
0x00007ffce1b70000 - 0x00007ffce1ba4000 	C:\Windows\SYSTEM32\dbgcore.DLL
0x00007ffcf03c0000 - 0x00007ffcf0442000 	C:\Windows\System32\bcryptPrimitives.dll
0x00007ffcdbf70000 - 0x00007ffcdbf8f000 	C:\Program Files\Java\jdk-21\bin\java.dll

dbghelp: loaded successfully - version: 4.0.5 - missing functions: none
symbol engine: initialized successfully - sym options: 0x614 - pdb path: .;C:\Program Files\Java\jdk-21\bin;C:\Windows\SYSTEM32;C:\Windows\WinSxS\amd64_microsoft.windows.common-controls_6595b64144ccf1df_6.0.19041.3636_none_60b6a03d71f818d5;C:\Program Files\Java\jdk-21\bin\server

VM Arguments:
jvm_args: --enable-preview -XX:+ShowCodeDetailsInExceptionMessages 
java_command: PrimeiraClass
java_class_path (initial): C:\Users\Danipaiva\AppData\Roaming\Code\User\workspaceStorage\3834fcd615339dd99664617d3c8ef5e9\redhat.java\jdt_ws\Projeto.java-2_b9aba2f5\bin
Launcher Type: SUN_STANDARD

[Global flags]
     intx CICompilerCount                          = 3                                         {product} {ergonomic}
     uint ConcGCThreads                            = 1                                         {product} {ergonomic}
     uint G1ConcRefinementThreads                  = 4                                         {product} {ergonomic}
   size_t G1HeapRegionSize                         = 1048576                                   {product} {ergonomic}
    uintx GCDrainStackTargetSize                   = 64                                        {product} {ergonomic}
   size_t InitialHeapSize                          = 31457280                                  {product} {ergonomic}
   size_t MarkStackSize                            = 4194304                                   {product} {ergonomic}
   size_t MaxHeapSize                              = 501219328                                 {product} {ergonomic}
   size_t MinHeapDeltaBytes                        = 1048576                                   {product} {ergonomic}
   size_t MinHeapSize                              = 8388608                                   {product} {ergonomic}
    uintx NonNMethodCodeHeapSize                   = 5832780                                {pd product} {ergonomic}
    uintx NonProfiledCodeHeapSize                  = 122912730                              {pd product} {ergonomic}
    uintx ProfiledCodeHeapSize                     = 122912730                              {pd product} {ergonomic}
    uintx ReservedCodeCacheSize                    = 251658240                              {pd product} {ergonomic}
     bool SegmentedCodeCache                       = true                                      {product} {ergonomic}
     bool ShowCodeDetailsInExceptionMessages       = true                                   {manageable} {command line}
   size_t SoftMaxHeapSize                          = 501219328                              {manageable} {ergonomic}
     bool UseCompressedOops                        = true                           {product lp64_product} {ergonomic}
     bool UseG1GC                                  = true                                      {product} {ergonomic}
     bool UseLargePagesIndividualAllocation        = false                                  {pd product} {ergonomic}

Logging:
Log output configuration:
 #0: stdout all=warning uptime,level,tags foldmultilines=false
 #1: stderr all=off uptime,level,tags foldmultilines=false

Environment Variables:
PATH=C:\Program Files\Common Files\Oracle\Java\javapath;C:\Windows\system32;C:\Windows;C:\Windows\System32\Wbem;C:\Windows\System32\WindowsPowerShell\v1.0\;C:\Windows\System32\OpenSSH\;C:\Program Files\Git\cmd;C:\Program Files\Microsoft VS Code\bin;C:\Users\Danipaiva\AppData\Local\Microsoft\WindowsApps;
USERNAME=Danipaiva
LANG=en_US.UTF-8
OS=Windows_NT
PROCESSOR_IDENTIFIER=Intel64 Family 6 Model 76 Stepping 3, GenuineIntel
TMP=C:\Users\DANIPA~1\AppData\Local\Temp
TEMP=C:\Users\DANIPA~1\AppData\Local\Temp




Periodic native trim disabled

---------------  S Y S T E M  ---------------

OS:
 Windows 10 , 64 bit Build 19041 (10.0.19041.3636)
OS uptime: 0 days 0:54 hours

CPU: total 4 (initial active 4) (4 cores per cpu, 1 threads per core) family 6 model 76 stepping 3 microcode 0x368, cx8, cmov, fxsr, mmx, 3dnowpref, sse, sse2, sse3, ssse3, sse4.1, sse4.2, popcnt, tsc, tscinvbit, aes, erms, clmul, clflush, rdtscp
Processor Information for all 4 processors :
  Max Mhz: 1441, Current Mhz: 1441, Mhz Limit: 1441

Memory: 4k page, system-wide physical 1908M (281M free)
TotalPageFile size 4451M (AvailPageFile size 77M)
current process WorkingSet (physical memory assigned to process): 9M, peak: 9M
current process commit charge ("private bytes"): 51M, peak: 81M

vm_info: Java HotSpot(TM) 64-Bit Server VM (21.0.2+13-LTS-58) for windows-amd64 JRE (21.0.2+13-LTS-58), built on 2024-01-05T18:32:24Z by "mach5one" with MS VC++ 17.1 (VS2022)

END.
